Début 07/05/2014 10:15:46
initialisation de la table
initialisation de la chaise
ajouter une table
enlever une chaise
fin
Début 07/05/2014 10:15:57
initialisation de la table
initialisation de la chaise
ajouter une table
ajouter une chaise
fin
info : Début 07/05/2014 12:31:20
info : initialisation de la table
info : initialisation de la chaise
info : enlever une table
info : enlever une chaise
info : fin
info : Début 07/05/2014 12:31:26
info : initialisation de la table
info : initialisation de la chaise
info : enlever une table
info : enlever une chaise
info : fin
info : Début 07/05/2014 12:31:27
info : initialisation de la table
info : initialisation de la chaise
info : ajouter une table
info : ajouter une chaise
info : fin
info : Début 07/05/2014 12:31:28
info : initialisation de la table
info : initialisation de la chaise
info : ajouter une table
info : enlever une chaise
info : fin
info : Début 07/05/2014 12:31:29
info : initialisation de la table
info : initialisation de la chaise
info : ajouter une table
info : ajouter une chaise
info : fin
info : Début 07/05/2014 12:31:29
info : initialisation de la table
info : initialisation de la chaise
info : ajouter une table
info : ajouter une chaise
info : fin
info : Début 07/05/2014 12:31:30
info : initialisation de la table
info : initialisation de la chaise
info : ajouter une table
info : enlever une chaise
info : fin
info : Début 07/05/2014 12:31:30
info : initialisation de la table
info : initialisation de la chaise
info : enlever une table
info : enlever une chaise
info : fin
info : Début 07/05/2014 12:31:31
info : initialisation de la table
info : initialisation de la chaise
info : enlever une table
info : ajouter une chaise
info : fin
info : Début 07/05/2014 12:31:31
info : initialisation de la table
info : initialisation de la chaise
info : enlever une table
info : ajouter une chaise
info : fin
info : Début 07/05/2014 12:31:31
info : initialisation de la table
info : initialisation de la chaise
info : ajouter une table
info : ajouter une chaise
info : fin
info : Début 07/05/2014 12:31:32
info : initialisation de la table
info : initialisation de la chaise
info : enlever une table
info : enlever une chaise
info : fin
info : Début 07/05/2014 13:22:13
info : initialisation de la table
info : initialisation de la chaise
info : ajouter une table
info : ajouter une chaise
info : fin
info : Début 07/05/2014 13:22:23
info : initialisation de la table
info : initialisation de la chaise
info : ajouter une table
info : ajouter une chaise
info : fin
info : Début 07/05/2014 13:22:24
info : initialisation de la table
info : initialisation de la chaise
info : enlever une table
info : enlever une chaise
info : fin
info : Début 07/05/2014 13:22:24
info : initialisation de la table
info : initialisation de la chaise
info : ajouter une table
info : enlever une chaise
info : fin
info : Début 07/05/2014 13:22:24
info : initialisation de la table
info : initialisation de la chaise
info : ajouter une table
info : enlever une chaise
info : fin
info : Début 07/05/2014 13:22:24
info : initialisation de la table
info : initialisation de la chaise
info : enlever une table
info : enlever une chaise
info : fin
info : Début 07/05/2014 13:22:25
info : initialisation de la table
info : initialisation de la chaise
info : enlever une table
info : ajouter une chaise
info : fin
info : Début 07/05/2014 13:22:25
info : initialisation de la table
info : initialisation de la chaise
info : enlever une table
info : ajouter une chaise
info : fin
info : Début 07/05/2014 13:22:25
info : initialisation de la table
info : initialisation de la chaise
info : ajouter une table
info : ajouter une chaise
info : fin
info : Début 07/05/2014 13:22:25
info : initialisation de la table
info : initialisation de la chaise
info : enlever une table
info : ajouter une chaise
info : fin
info : Début 07/05/2014 13:22:26
info : initialisation de la table
info : initialisation de la chaise
info : ajouter une table
info : enlever une chaise
info : fin
info : Début 07/05/2014 13:22:26
info : initialisation de la table
info : initialisation de la chaise
info : enlever une table
info : enlever une chaise
info : fin
info : Début 07/05/2014 13:22:26
info : initialisation de la table
info : initialisation de la chaise
info : ajouter une table
info : enlever une chaise
info : fin
info : Début 07/05/2014 13:22:26
info : initialisation de la table
info : initialisation de la chaise
info : ajouter une table
info : enlever une chaise
info : fin
info : Début 07/05/2014 13:22:26
info : initialisation de la table
info : initialisation de la chaise
info : ajouter une table
info : enlever une chaise
info : fin
info : Début 07/05/2014 13:22:26
info : initialisation de la table
info : initialisation de la chaise
info : ajouter une table
info : enlever une chaise
info : fin
info : Début 07/05/2014 13:22:26
info : initialisation de la table
info : initialisation de la chaise
info : ajouter une table
info : enlever une chaise
info : fin
info : Début 07/05/2014 13:22:27
info : initialisation de la table
info : initialisation de la chaise
info : ajouter une table
info : ajouter une chaise
info : fin
info : Début 07/05/2014 13:22:27
info : initialisation de la table
info : initialisation de la chaise
info : enlever une table
info : ajouter une chaise
info : fin
info : Début 07/05/2014 13:22:27
info : initialisation de la table
info : initialisation de la chaise
info : ajouter une table
info : ajouter une chaise
info : fin
info : Début 07/05/2014 13:22:27
info : initialisation de la table
info : initialisation de la chaise
info : ajouter une table
info : ajouter une chaise
info : fin
info : Début 07/05/2014 13:22:27
info : initialisation de la table
info : initialisation de la chaise
info : ajouter une table
info : ajouter une chaise
info : fin
info : Début 07/05/2014 13:22:28
info : initialisation de la table
info : initialisation de la chaise
info : enlever une table
info : enlever une chaise
info : fin
info : Début 07/05/2014 13:22:28
info : initialisation de la table
info : initialisation de la chaise
info : ajouter une table
info : enlever une chaise
info : fin
info : Début 07/05/2014 13:22:28
info : initialisation de la table
info : initialisation de la chaise
info : ajouter une table
info : enlever une chaise
info : fin
info : Début 07/05/2014 13:22:28
info : initialisation de la table
info : initialisation de la chaise
info : enlever une table
info : enlever une chaise
info : fin
info : Début 07/05/2014 13:22:28
info : initialisation de la table
info : initialisation de la chaise
info : ajouter une table
info : enlever une chaise
info : fin
info : Début 07/05/2014 13:22:28
info : initialisation de la table
info : initialisation de la chaise
info : ajouter une table
info : enlever une chaise
info : fin
info : Début 07/05/2014 13:22:28
info : initialisation de la table
info : initialisation de la chaise
info : enlever une table
info : enlever une chaise
info : fin
info : Début 07/05/2014 13:22:28
info : initialisation de la table
info : initialisation de la chaise
info : ajouter une table
info : enlever une chaise
info : fin
info : Début 07/05/2014 13:22:28
info : initialisation de la table
info : initialisation de la chaise
info : ajouter une table
info : enlever une chaise
info : fin
info : Début 07/05/2014 13:22:28
info : initialisation de la table
info : initialisation de la chaise
info : ajouter une table
info : enlever une chaise
info : fin
info : Début 07/05/2014 13:22:29
info : initialisation de la table
info : initialisation de la chaise
info : ajouter une table
info : ajouter une chaise
info : fin
info : Début 07/05/2014 13:22:29
info : initialisation de la table
info : initialisation de la chaise
info : ajouter une table
info : ajouter une chaise
info : fin
info : Début 07/05/2014 13:22:29
info : initialisation de la table
info : initialisation de la chaise
info : enlever une table
info : ajouter une chaise
info : fin
info : Début 07/05/2014 13:22:29
info : initialisation de la table
info : initialisation de la chaise
info : enlever une table
info : ajouter une chaise
info : fin
info : Début 07/05/2014 13:22:29
info : initialisation de la table
info : initialisation de la chaise
info : ajouter une table
info : ajouter une chaise
info : fin
info : Début 07/05/2014 13:22:29
info : initialisation de la table
info : initialisation de la chaise
info : enlever une table
info : ajouter une chaise
info : fin
info : Début 07/05/2014 13:22:29
info : initialisation de la table
info : initialisation de la chaise
info : enlever une table
info : ajouter une chaise
info : fin
info : Début 07/05/2014 13:22:29
info : initialisation de la table
info : initialisation de la chaise
info : ajouter une table
info : ajouter une chaise
info : fin
info : Début 07/05/2014 13:22:29
info : initialisation de la table
info : initialisation de la chaise
info : ajouter une table
info : ajouter une chaise
info : fin
info : Début 07/05/2014 13:22:29
info : initialisation de la table
info : initialisation de la chaise
info : enlever une table
info : ajouter une chaise
info : fin
info : Début 07/05/2014 13:22:29
info : initialisation de la table
info : initialisation de la chaise
info : enlever une table
info : ajouter une chaise
info : fin
info : Début 07/05/2014 13:22:30
info : initialisation de la table
info : initialisation de la chaise
info : enlever une table
info : enlever une chaise
info : fin
info : Début 07/05/2014 13:22:30
info : initialisation de la table
info : initialisation de la chaise
info : ajouter une table
info : enlever une chaise
info : fin
info : Début 07/05/2014 13:22:30
info : initialisation de la table
info : initialisation de la chaise
info : ajouter une table
info : enlever une chaise
info : fin
info : Début 07/05/2014 13:22:30
info : initialisation de la table
info : initialisation de la chaise
info : ajouter une table
info : enlever une chaise
info : fin
